<?xml version="1.0" encoding="UTF-8"?>
<!-- Generated by org.testng.reporters.JUnitXMLReporter -->
<testsuite ignored="0" hostname="G1-HCS2MQ3-L" failures="0" tests="8" name="FirefoxTest" time="2.725" errors="0" timestamp="2023-03-03T11:11:52 IST">
  <testcase classname="StarAppTesting.BaseTest" name="@BeforeTest setup" time="2.477">
    <failure type="org.openqa.selenium.SessionNotCreatedException" message="Could not start a new session. Response code 500. Message: Process unexpectedly closed with status 0 
Host info: host: &amp;apos;G1-HCS2MQ3-L&amp;apos;, ip: &amp;apos;192.168.211.226&amp;apos;
Build info: version: &amp;apos;4.7.2&amp;apos;, revision: &amp;apos;4d4020c3b7&amp;apos;
System info: os.name: &amp;apos;Windows 10&amp;apos;, os.arch: &amp;apos;amd64&amp;apos;, os.version: &amp;apos;10.0&amp;apos;, java.version: &amp;apos;17.0.5&amp;apos;
Driver info: org.openqa.selenium.firefox.FirefoxDriver
Command: [null, newSession {capabilities=[Capabilities {acceptInsecureCerts: true, browserName: firefox, moz:debuggerAddress: true, moz:firefoxOptions: {}}], desiredCapabilities=Capabilities {acceptInsecureCerts: true, browserName: firefox, moz:debuggerAddress: true, moz:firefoxOptions: {}}}]">
      <![CDATA[org.openqa.selenium.SessionNotCreatedException: Could not start a new session. Response code 500. Message: Process unexpectedly closed with status 0 
Host info: host: 'G1-HCS2MQ3-L', ip: '192.168.211.226'
Build info: version: '4.7.2', revision: '4d4020c3b7'
System info: os.name: 'Windows 10', os.arch: 'amd64', os.version: '10.0', java.version: '17.0.5'
Driver info: org.openqa.selenium.firefox.FirefoxDriver
Command: [null, newSession {capabilities=[Capabilities {acceptInsecureCerts: true, browserName: firefox, moz:debuggerAddress: true, moz:firefoxOptions: {}}], desiredCapabilities=Capabilities {acceptInsecureCerts: true, browserName: firefox, moz:debuggerAddress: true, moz:firefoxOptions: {}}}]
at org.openqa.selenium.remote.ProtocolHandshake.createSession(ProtocolHandshake.java:148)
at org.openqa.selenium.remote.ProtocolHandshake.createSession(ProtocolHandshake.java:106)
at org.openqa.selenium.remote.ProtocolHandshake.createSession(ProtocolHandshake.java:67)
at org.openqa.selenium.remote.HttpCommandExecutor.execute(HttpCommandExecutor.java:156)
at org.openqa.selenium.remote.service.DriverCommandExecutor.invokeExecute(DriverCommandExecutor.java:167)
at org.openqa.selenium.remote.service.DriverCommandExecutor.execute(DriverCommandExecutor.java:142)
at org.openqa.selenium.remote.RemoteWebDriver.execute(RemoteWebDriver.java:535)
at org.openqa.selenium.remote.RemoteWebDriver.startSession(RemoteWebDriver.java:228)
at org.openqa.selenium.remote.RemoteWebDriver.<init>(RemoteWebDriver.java:156)
at org.openqa.selenium.firefox.FirefoxDriver.<init>(FirefoxDriver.java:130)
at org.openqa.selenium.firefox.FirefoxDriver.<init>(FirefoxDriver.java:111)
at org.openqa.selenium.firefox.FirefoxDriver.<init>(FirefoxDriver.java:101)
at StarAppTesting.BaseTest.setup(BaseTest.java:23)
at java.base/java.util.concurrent.FutureTask.run(FutureTask.java:264)
at java.base/java.util.concurrent.ThreadPoolExecutor.runWorker(ThreadPoolExecutor.java:1136)
at java.base/java.util.concurrent.ThreadPoolExecutor$Worker.run(ThreadPoolExecutor.java:635)
at java.base/java.lang.Thread.run(Thread.java:833)
... Removed 15 stack frames]]>
    </failure>
  </testcase> <!-- @BeforeTest setup -->
  <testcase classname="StarAppTesting.BaseTest" name="@AfterTest closebrowser" time="-1.677822112334E9">
    <skipped/>
  </testcase> <!-- @AfterTest closebrowser -->
  <testcase classname="StarAppTesting.LoginTests" name="TC1_1" time="0.0">
    <skipped/>
  </testcase> <!-- TC1_1 -->
  <testcase classname="StarAppTesting.LoginTests" name="TC1_2" time="0.0">
    <skipped/>
  </testcase> <!-- TC1_2 -->
  <testcase classname="StarAppTesting.LoginTests" name="TC1_2" time="0.0">
    <skipped/>
  </testcase> <!-- TC1_2 -->
  <testcase classname="StarAppTesting.LoginTests" name="TC1_3" time="0.0">
    <skipped/>
  </testcase> <!-- TC1_3 -->
  <testcase classname="StarAppTesting.LoginTests" name="TC1_3" time="0.0">
    <skipped/>
  </testcase> <!-- TC1_3 -->
  <testcase classname="StarAppTesting.LoginTests" name="TC1_4" time="0.0">
    <skipped/>
  </testcase> <!-- TC1_4 -->
  <testcase classname="StarAppTesting.LoginTests" name="TC1_4" time="0.0">
    <skipped/>
  </testcase> <!-- TC1_4 -->
  <testcase classname="StarAppTesting.LoginTests" name="TC1_4" time="0.0">
    <skipped/>
  </testcase> <!-- TC1_4 -->
</testsuite> <!-- FirefoxTest -->
